<?xml version="1.0" encoding="UTF-8"?>
<!-- Generated by org.testng.reporters.JUnitReportReporter -->
<testsuite hostname="KrithikK" name="com.test.HomePageTest" tests="2" failures="0" timestamp="9 Mar 2016 04:50:10 GMT" time="1.354" errors="0">
  <testcase name="testLoginClick" time="1.132" classname="com.test.HomePageTest"/>
  <testcase name="testCountSocialIcons" time="0.222" classname="com.test.HomePageTest"/>
</testsuite> <!-- com.test.HomePageTest -->
